# JRE version: OpenJDK Runtime Environment OpenLogic-OpenJDK (17.0.11+9) (build 17.0.11+9-adhoc..jdk17u)
# Java VM: OpenJDK 64-Bit Server VM OpenLogic-OpenJDK (17.0.11+9-adhoc..jdk17u, mixed mode, sharing, tiered, compressed oops, compressed class ptrs, g1 gc, windows-amd64)
GC Precious Log:
 CPUs: 4 total, 4 available
 Memory: 8030M
 Large Page Support: Disabled
 NUMA Support: Disabled
 Compressed Oops: Enabled (32-bit)
 Heap Region Size: 1M
 Heap Min Capacity: 8M
 Heap Initial Capacity: 126M
 Heap Max Capacity: 2G
 Pre-touch: Disabled
 Parallel Workers: 4
 Concurrent Workers: 1
 Concurrent Refinement Workers: 4
 Periodic GC: Disabled
Heap:
 garbage-first heap   total 219136K, used 109998K [0x0000000080000000, 0x0000000100000000)
  region size 1024K, 2 young (2048K), 2 survivors (2048K)
 Metaspace       used 83795K, committed 84544K, reserved 557056K
  class space    used 11545K, committed 11904K, reserved 425984K
GC Heap History (20 events):
Event: 33.084 GC heap after
{Heap after GC invocations=26 (full 0):
 garbage-first heap   total 112640K, used 61760K [0x0000000080000000, 0x0000000100000000)
  region size 1024K, 1 young (1024K), 1 survivors (1024K)
 Metaspace       used 65766K, committed 66368K, reserved 491520K
  class space    used 9096K, committed 9344K, reserved 425984K
}
Event: 33.725 GC heap before
{Heap before GC invocations=26 (full 0):
 garbage-first heap   total 112640K, used 84288K [0x0000000080000000, 0x0000000100000000)
  region size 1024K, 24 young (24576K), 1 survivors (1024K)
 Metaspace       used 68506K, committed 69184K, reserved 491520K
  class space    used 9445K, committed 9728K, reserved 425984K
}
Event: 33.730 GC heap after
{Heap after GC invocations=27 (full 0):
 garbage-first heap   total 210944K, used 62633K [0x0000000080000000, 0x0000000100000000)
  region size 1024K, 1 young (1024K), 1 survivors (1024K)
 Metaspace       used 68506K, committed 69184K, reserved 491520K
  class space    used 9445K, committed 9728K, reserved 425984K
}
Event: 36.295 GC heap before
{Heap before GC invocations=28 (full 0):
 garbage-first heap   total 210944K, used 135337K [0x0000000080000000, 0x0000000100000000)
  region size 1024K, 72 young (73728K), 1 survivors (1024K)
 Metaspace       used 74180K, committed 74880K, reserved 491520K
  class space    used 10298K, committed 10624K, reserved 425984K
}
Event: 36.308 GC heap after
{Heap after GC invocations=29 (full 0):
 garbage-first heap   total 210944K, used 65604K [0x0000000080000000, 0x0000000100000000)
  region size 1024K, 4 young (4096K), 4 survivors (4096K)
 Metaspace       used 74180K, committed 74880K, reserved 491520K
  class space    used 10298K, committed 10624K, reserved 425984K
}
Event: 36.456 GC heap before
{Heap before GC invocations=29 (full 0):
 garbage-first heap   total 210944K, used 71748K [0x0000000080000000, 0x0000000100000000)
  region size 1024K, 10 young (10240K), 4 survivors (4096K)
 Metaspace       used 74501K, committed 75200K, reserved 491520K
  class space    used 10335K, committed 10688K, reserved 425984K
}
Event: 36.467 GC heap after
{Heap after GC invocations=30 (full 0):
 garbage-first heap   total 210944K, used 65729K [0x0000000080000000, 0x0000000100000000)
  region size 1024K, 1 young (1024K), 1 survivors (1024K)
 Metaspace       used 74501K, committed 75200K, reserved 491520K
  class space    used 10335K, committed 10688K, reserved 425984K
}
Event: 39.793 GC heap before
{Heap before GC invocations=30 (full 0):
 garbage-first heap   total 210944K, used 143553K [0x0000000080000000, 0x0000000100000000)
  region size 1024K, 77 young (78848K), 1 survivors (1024K)
 Metaspace       used 77767K, committed 78528K, reserved 557056K
  class space    used 10795K, committed 11136K, reserved 425984K
}
Event: 39.810 GC heap after
{Heap after GC invocations=31 (full 0):
 garbage-first heap   total 210944K, used 70986K [0x0000000080000000, 0x0000000100000000)
  region size 1024K, 6 young (6144K), 6 survivors (6144K)
 Metaspace       used 77767K, committed 78528K, reserved 557056K
  class space    used 10795K, committed 11136K, reserved 425984K
}
Event: 42.345 GC heap before
{Heap before GC invocations=31 (full 0):
 garbage-first heap   total 210944K, used 111946K [0x0000000080000000, 0x0000000100000000)
  region size 1024K, 47 young (48128K), 6 survivors (6144K)
 Metaspace       used 80731K, committed 81472K, reserved 557056K
  class space    used 11283K, committed 11584K, reserved 425984K
}
Event: 42.366 GC heap after
{Heap after GC invocations=32 (full 0):
 garbage-first heap   total 210944K, used 73944K [0x0000000080000000, 0x0000000100000000)
  region size 1024K, 3 young (3072K), 3 survivors (3072K)
 Metaspace       used 80731K, committed 81472K, reserved 557056K
  class space    used 11283K, committed 11584K, reserved 425984K
}
Event: 43.215 GC heap before
{Heap before GC invocations=33 (full 0):
 garbage-first heap   total 210944K, used 162008K [0x0000000080000000, 0x0000000100000000)
  region size 1024K, 83 young (84992K), 3 survivors (3072K)
 Metaspace       used 83115K, committed 83840K, reserved 557056K
  class space    used 11531K, committed 11840K, reserved 425984K
}
Event: 43.332 GC heap after
{Heap after GC invocations=34 (full 0):
 garbage-first heap   total 210944K, used 104330K [0x0000000080000000, 0x0000000100000000)
  region size 1024K, 11 young (11264K), 11 survivors (11264K)
 Metaspace       used 83115K, committed 83840K, reserved 557056K
  class space    used 11531K, committed 11840K, reserved 425984K
}
Event: 43.357 GC heap before
{Heap before GC invocations=34 (full 0):
 garbage-first heap   total 210944K, used 105354K [0x0000000080000000, 0x0000000100000000)
  region size 1024K, 12 young (12288K), 11 survivors (11264K)
 Metaspace       used 83121K, committed 83840K, reserved 557056K
  class space    used 11531K, committed 11840K, reserved 425984K
}
Event: 43.378 GC heap after
{Heap after GC invocations=35 (full 0):
 garbage-first heap   total 210944K, used 106413K [0x0000000080000000, 0x0000000100000000)
  region size 1024K, 2 young (2048K), 2 survivors (2048K)
 Metaspace       used 83121K, committed 83840K, reserved 557056K
  class space    used 11531K, committed 11840K, reserved 425984K
}
Event: 44.028 GC heap before
{Heap before GC invocations=35 (full 0):
 garbage-first heap   total 210944K, used 158637K [0x0000000080000000, 0x0000000100000000)
  region size 1024K, 54 young (55296K), 2 survivors (2048K)
 Metaspace       used 83657K, committed 84352K, reserved 557056K
  class space    used 11550K, committed 11904K, reserved 425984K
}
Event: 44.033 GC heap after
{Heap after GC invocations=36 (full 0):
 garbage-first heap   total 210944K, used 105715K [0x0000000080000000, 0x0000000100000000)
  region size 1024K, 1 young (1024K), 1 survivors (1024K)
 Metaspace       used 83657K, committed 84352K, reserved 557056K
  class space    used 11550K, committed 11904K, reserved 425984K
}
Event: 44.672 GC heap before
{Heap before GC invocations=37 (full 0):
 garbage-first heap   total 219136K, used 166131K [0x0000000080000000, 0x0000000100000000)
  region size 1024K, 59 young (60416K), 1 survivors (1024K)
 Metaspace       used 83788K, committed 84544K, reserved 557056K
  class space    used 11545K, committed 11904K, reserved 425984K
}
Event: 44.676 GC heap after
{Heap after GC invocations=38 (full 0):
 garbage-first heap   total 219136K, used 108312K [0x0000000080000000, 0x0000000100000000)
  region size 1024K, 2 young (2048K), 2 survivors (2048K)
 Metaspace       used 83788K, committed 84544K, reserved 557056K
  class space    used 11545K, committed 11904K, reserved 425984K
}
Event: 44.714 GC heap before
{Heap before GC invocations=38 (full 0):
 garbage-first heap   total 219136K, used 116504K [0x0000000080000000, 0x0000000100000000)
  region size 1024K, 10 young (10240K), 2 survivors (2048K)
 Metaspace       used 83795K, committed 84544K, reserved 557056K
  class space    used 11545K, committed 11904K, reserved 425984K
}

